[debug] [2026-04-15T10:31:20.392Z] ----------------------------------------------------------------------
[debug] [2026-04-15T10:31:20.393Z] Command:       /Users/doducdoanh/.nvm/versions/node/v18.3.0/bin/node /usr/local/bin/firebase projects:list --json
[debug] [2026-04-15T10:31:20.393Z] CLI Version:   12.4.4
[debug] [2026-04-15T10:31:20.393Z] Platform:      darwin
[debug] [2026-04-15T10:31:20.393Z] Node Version:  v18.3.0
[debug] [2026-04-15T10:31:20.394Z] Time:          Wed Apr 15 2026 17:31:20 GMT+0700 (Indochina Time)
[debug] [2026-04-15T10:31:20.394Z] ----------------------------------------------------------------------
[debug] 
[debug] [2026-04-15T10:31:20.395Z] >>> [apiv2][query] GET https://firebase-public.firebaseio.com/cli.json [none]
[debug] [2026-04-15T10:31:20.429Z] > command requires scopes: ["email","openid","https://www.googleapis.com/auth/cloudplatformprojects.readonly","https://www.googleapis.com/auth/firebase","https://www.googleapis.com/auth/cloud-platform"]
[debug] [2026-04-15T10:31:20.429Z] > authorizing via signed-in user (doanhdd0210@gmail.com)
[debug] [2026-04-15T10:31:20.430Z] > refreshing access token with scopes: []
[debug] [2026-04-15T10:31:20.431Z] >>> [apiv2][query] POST https://www.googleapis.com/oauth2/v3/token [none]
[debug] [2026-04-15T10:31:20.431Z] >>> [apiv2][body] POST https://www.googleapis.com/oauth2/v3/token [omitted]
[debug] [2026-04-15T10:31:20.578Z] <<< [apiv2][status] POST https://www.googleapis.com/oauth2/v3/token 400
[debug] [2026-04-15T10:31:20.579Z] <<< [apiv2][body] POST https://www.googleapis.com/oauth2/v3/token [omitted]
[debug] [2026-04-15T10:31:20.580Z] >>> [apiv2][query] GET https://firebase.googleapis.com/v1beta1/projects pageSize=1000
[debug] [2026-04-15T10:31:20.741Z] <<< [apiv2][status] GET https://firebase.googleapis.com/v1beta1/projects 401
[debug] [2026-04-15T10:31:20.741Z] <<< [apiv2][body] GET https://firebase.googleapis.com/v1beta1/projects [omitted]
[debug] [2026-04-15T10:31:20.743Z] HTTP Error: 401, Request had invalid authentication credentials. Expected OAuth 2 access token, login cookie or other valid authentication credential. See https://developers.google.com/identity/sign-in/web/devconsole-project.
[debug] [2026-04-15T10:31:20.941Z] FirebaseError: HTTP Error: 401, Request had invalid authentication credentials. Expected OAuth 2 access token, login cookie or other valid authentication credential. See https://developers.google.com/identity/sign-in/web/devconsole-project.
    at responseToError (/usr/local/lib/node_modules/firebase-tools/lib/responseToError.js:49:12)
    at RetryOperation._fn (/usr/local/lib/node_modules/firebase-tools/lib/apiv2.js:289:77)
    at process.processTicksAndRejections (node:internal/process/task_queues:95:5)
[error] 
[error] Error: Failed to list Firebase projects. See firebase-debug.log for more info.
[debug] [2026-04-15T10:31:20.943Z] <<< [apiv2][status] GET https://firebase-public.firebaseio.com/cli.json 200
[debug] [2026-04-15T10:31:20.943Z] <<< [apiv2][body] GET https://firebase-public.firebaseio.com/cli.json {"cloudBuildErrorAfter":1594252800000,"cloudBuildWarnAfter":1590019200000,"defaultNode10After":1594252800000,"minVersion":"3.0.5","node8DeploysDisabledAfter":1613390400000,"node8RuntimeDisabledAfter":1615809600000,"node8WarnAfter":1600128000000}
